Traceback (most recent call last):
  File "C:\Users\Admin\OneDrive\Desktop\reflexion-agent\venv\Lib\site-packages\pandas\core\indexes\base.py", line 3812, in get_loc
    return self._engine.get_loc(casted_key)
           ^^^^^^^^^^^^^^^^^^^^^^^^^^^^^^^^
  File "pandas/_libs/index.pyx", line 167, in pandas._libs.index.IndexEngine.get_loc
  File "pandas/_libs/index.pyx", line 196, in pandas._libs.index.IndexEngine.get_loc
  File "pandas/_libs/hashtable_class_helper.pxi", line 7088, in pandas._libs.hashtable.PyObjectHashTable.get_item
  File "pandas/_libs/hashtable_class_helper.pxi", line 7096, in pandas._libs.hashtable.PyObjectHashTable.get_item
KeyError: 'Product A'

The above exception was the direct cause of the following exception:

Traceback (most recent call last):
  File "C:\Users\Admin\OneDrive\Desktop\reflexion-agent\code_workspace\task.py", line 28, in <module>
    plt.bar(df.index, df.loc['Product A'], label='Product A')
                      ~~~~~~^^^^^^^^^^^^^
  File "C:\Users\Admin\OneDrive\Desktop\reflexion-agent\venv\Lib\site-packages\pandas\core\indexing.py", line 1192, in __getitem__
    return self._getitem_axis(maybe_callable, axis=axis)
           ^^^^^^^^^^^^^^^^^^^^^^^^^^^^^^^^^^^^^^^^^^^^^
  File "C:\Users\Admin\OneDrive\Desktop\reflexion-agent\venv\Lib\site-packages\pandas\core\indexing.py", line 1432, in _getitem_axis
    return self._get_label(key, axis=axis)
           ^^^^^^^^^^^^^^^^^^^^^^^^^^^^^^^
  File "C:\Users\Admin\OneDrive\Desktop\reflexion-agent\venv\Lib\site-packages\pandas\core\indexing.py", line 1382, in _get_label
    return self.obj.xs(label, axis=axis)
           ^^^^^^^^^^^^^^^^^^^^^^^^^^^^^
  File "C:\Users\Admin\OneDrive\Desktop\reflexion-agent\venv\Lib\site-packages\pandas\core\generic.py", line 4323, in xs
    loc = index.get_loc(key)
          ^^^^^^^^^^^^^^^^^^
  File "C:\Users\Admin\OneDrive\Desktop\reflexion-agent\venv\Lib\site-packages\pandas\core\indexes\base.py", line 3819, in get_loc
    raise KeyError(key) from err
KeyError: 'Product A'
