WARNING: Ignoring invalid distribution ~treamlit (C:\Users\Admin\OneDrive\Desktop\reflexion-agent\venv\Lib\site-packages)
WARNING: Ignoring invalid distribution ~treamlit (C:\Users\Admin\OneDrive\Desktop\reflexion-agent\venv\Lib\site-packages)
WARNING: Ignoring invalid distribution ~treamlit (C:\Users\Admin\OneDrive\Desktop\reflexion-agent\venv\Lib\site-packages)
Traceback (most recent call last):
  File "C:\Users\Admin\OneDrive\Desktop\reflexion-agent\code_workspace\task.py", line 6, in <module>
    import matplotlib.pyplot as plt
ModuleNotFoundError: No module named 'matplotlib'

During handling of the above exception, another exception occurred:

Traceback (most recent call last):
  File "C:\Users\Admin\OneDrive\Desktop\reflexion-agent\code_workspace\task.py", line 18, in <module>
    subprocess.check_call(["conda", "install", "matplotlib"])
  File "C:\Program Files\WindowsApps\PythonSoftwareFoundation.Python.3.11_3.11.2544.0_x64__qbz5n2kfra8p0\Lib\subprocess.py", line 408, in check_call
    retcode = call(*popenargs, **kwargs)
              ^^^^^^^^^^^^^^^^^^^^^^^^^^
  File "C:\Program Files\WindowsApps\PythonSoftwareFoundation.Python.3.11_3.11.2544.0_x64__qbz5n2kfra8p0\Lib\subprocess.py", line 389, in call
    with Popen(*popenargs, **kwargs) as p:
         ^^^^^^^^^^^^^^^^^^^^^^^^^^^
  File "C:\Program Files\WindowsApps\PythonSoftwareFoundation.Python.3.11_3.11.2544.0_x64__qbz5n2kfra8p0\Lib\subprocess.py", line 1026, in __init__
    self._execute_child(args, executable, preexec_fn, close_fds,
  File "C:\Program Files\WindowsApps\PythonSoftwareFoundation.Python.3.11_3.11.2544.0_x64__qbz5n2kfra8p0\Lib\subprocess.py", line 1538, in _execute_child
    hp, ht, pid, tid = _winapi.CreateProcess(executable, args,
                       ^^^^^^^^^^^^^^^^^^^^^^^^^^^^^^^^^^^^^^^
FileNotFoundError: [WinError 2] The system cannot find the file specified
